<?xml version="1.0" encoding="UTF-8"?>
<!-- Generated by org.testng.reporters.JUnitReportReporter -->
<testsuite skipped="0" hostname="Sajal" name="com.crm.qa.testcases.HomePageTest" tests="3" failures="0" timestamp="29 Nov 2019 16:13:12 GMT" time="68.312" errors="0">
  <testcase name="verifyHomePageTitleTest" time="28.237" classname="com.crm.qa.testcases.HomePageTest"/>
  <testcase name="verifyUserNameTest" time="19.663" classname="com.crm.qa.testcases.HomePageTest"/>
  <testcase name="verifyContactsLinkPage" time="20.412" classname="com.crm.qa.testcases.HomePageTest"/>
</testsuite> <!-- com.crm.qa.testcases.HomePageTest -->
