<?xml version="1.0" encoding="UTF-8"?>
<!-- Generated by org.testng.reporters.JUnitReportReporter -->
<testsuite skipped="0" hostname="Sajal" name="com.crm.qa.testcases.ContactsPageTest" tests="1" failures="0" timestamp="28 Nov 2019 06:27:35 GMT" time="41.291" errors="0">
  <testcase name="validateCreateNewContact" time="41.291" classname="com.crm.qa.testcases.ContactsPageTest"/>
</testsuite> <!-- com.crm.qa.testcases.ContactsPageTest -->
