<?xml version="1.0" encoding="UTF-8"?>
<!-- Generated by org.testng.reporters.JUnitReportReporter -->
<testsuite skipped="0" hostname="Sajal" name="com.crm.qa.testcases.LoginPageTest" tests="2" failures="0" timestamp="29 Nov 2019 16:13:12 GMT" time="40.790" errors="0">
  <testcase name="loginPageTitleTest" time="17.399" classname="com.crm.qa.testcases.LoginPageTest"/>
  <testcase name="loginTest" time="23.391" classname="com.crm.qa.testcases.LoginPageTest"/>
</testsuite> <!-- com.crm.qa.testcases.LoginPageTest -->
